1753729699.699621 client started (50170): version 3.5a, socket /private/tmp/tmux-501/default, protocol 8
1753729699.699665 on Darwin 24.3.0 Darwin Kernel Version 24.3.0: Thu Jan  2 20:24:23 PST 2025; root:xnu-11215.81.4~3/RELEASE_ARM64_T6020
1753729699.699679 using libevent 2.1.12-stable select
1753729699.699870 using utf8proc 2.10.0
1753729699.699892 using ncurses 6.5 20240427
1753729699.699914 flags are 0x10010000
1753729699.699926 socket is /private/tmp/tmux-501/default
1753729699.699938 trying connect
1753729699.699980 add peer 0x120018000: 6 (0x0)
1753729699.702248 sending message 111 to peer 0x120018000 (8 bytes)
1753729699.702267 sending message 111 to peer 0x120018000 (8 bytes)
1753729699.702275 sending message 101 to peer 0x120018000 (14 bytes)
1753729699.702282 sending message 109 to peer 0x120018000 (4 bytes)
1753729699.702288 sending message 102 to peer 0x120018000 (13 bytes)
1753729699.702295 sending message 108 to peer 0x120018000 (36 bytes)
1753729699.702301 sending message 112 to peer 0x120018000 (70 bytes)
1753729699.702308 sending message 112 to peer 0x120018000 (5 bytes)
1753729699.702314 sending message 112 to peer 0x120018000 (5 bytes)
1753729699.702320 sending message 112 to peer 0x120018000 (6 bytes)
1753729699.702326 sending message 112 to peer 0x120018000 (6 bytes)
1753729699.702332 sending message 112 to peer 0x120018000 (11 bytes)
1753729699.702337 sending message 112 to peer 0x120018000 (10 bytes)
1753729699.702343 sending message 112 to peer 0x120018000 (13 bytes)
1753729699.702349 sending message 112 to peer 0x120018000 (13 bytes)
1753729699.702355 sending message 112 to peer 0x120018000 (18 bytes)
1753729699.702361 sending message 112 to peer 0x120018000 (11 bytes)
1753729699.702367 sending message 112 to peer 0x120018000 (10 bytes)
1753729699.702372 sending message 112 to peer 0x120018000 (15 bytes)
1753729699.702378 sending message 112 to peer 0x120018000 (21 bytes)
1753729699.702384 sending message 112 to peer 0x120018000 (13 bytes)
1753729699.702389 sending message 112 to peer 0x120018000 (7 bytes)
1753729699.702395 sending message 112 to peer 0x120018000 (13 bytes)
1753729699.702401 sending message 112 to peer 0x120018000 (7 bytes)
1753729699.702407 sending message 112 to peer 0x120018000 (13 bytes)
1753729699.702414 sending message 112 to peer 0x120018000 (9 bytes)
1753729699.702420 sending message 112 to peer 0x120018000 (21 bytes)
1753729699.702426 sending message 112 to peer 0x120018000 (13 bytes)
1753729699.702432 sending message 112 to peer 0x120018000 (8 bytes)
1753729699.702438 sending message 112 to peer 0x120018000 (12 bytes)
1753729699.702444 sending message 112 to peer 0x120018000 (13 bytes)
1753729699.702450 sending message 112 to peer 0x120018000 (9 bytes)
1753729699.702455 sending message 112 to peer 0x120018000 (9 bytes)
1753729699.702461 sending message 112 to peer 0x120018000 (12 bytes)
1753729699.702466 sending message 112 to peer 0x120018000 (8 bytes)
1753729699.702472 sending message 112 to peer 0x120018000 (7 bytes)
1753729699.702477 sending message 112 to peer 0x120018000 (7 bytes)
1753729699.702484 sending message 112 to peer 0x120018000 (9 bytes)
1753729699.702490 sending message 112 to peer 0x120018000 (13 bytes)
1753729699.702496 sending message 112 to peer 0x120018000 (6 bytes)
1753729699.702501 sending message 112 to peer 0x120018000 (9 bytes)
1753729699.702507 sending message 112 to peer 0x120018000 (13 bytes)
1753729699.702513 sending message 112 to peer 0x120018000 (12 bytes)
1753729699.702519 sending message 112 to peer 0x120018000 (8 bytes)
1753729699.702524 sending message 112 to peer 0x120018000 (9 bytes)
1753729699.702530 sending message 112 to peer 0x120018000 (10 bytes)
1753729699.702536 sending message 112 to peer 0x120018000 (10 bytes)
1753729699.702541 sending message 112 to peer 0x120018000 (10 bytes)
1753729699.702547 sending message 112 to peer 0x120018000 (10 bytes)
1753729699.702553 sending message 112 to peer 0x120018000 (11 bytes)
1753729699.702559 sending message 112 to peer 0x120018000 (10 bytes)
1753729699.702564 sending message 112 to peer 0x120018000 (8 bytes)
1753729699.702580 sending message 112 to peer 0x120018000 (11 bytes)
1753729699.702584 sending message 112 to peer 0x120018000 (11 bytes)
1753729699.702588 sending message 112 to peer 0x120018000 (11 bytes)
1753729699.702592 sending message 112 to peer 0x120018000 (8 bytes)
1753729699.702596 sending message 112 to peer 0x120018000 (8 bytes)
1753729699.702600 sending message 112 to peer 0x120018000 (8 bytes)
1753729699.702604 sending message 112 to peer 0x120018000 (10 bytes)
1753729699.702608 sending message 112 to peer 0x120018000 (10 bytes)
1753729699.702612 sending message 112 to peer 0x120018000 (10 bytes)
1753729699.702616 sending message 112 to peer 0x120018000 (10 bytes)
1753729699.702620 sending message 112 to peer 0x120018000 (10 bytes)
1753729699.702624 sending message 112 to peer 0x120018000 (11 bytes)
1753729699.702628 sending message 112 to peer 0x120018000 (11 bytes)
1753729699.702631 sending message 112 to peer 0x120018000 (10 bytes)
1753729699.702635 sending message 112 to peer 0x120018000 (9 bytes)
1753729699.702639 sending message 112 to peer 0x120018000 (9 bytes)
1753729699.702643 sending message 112 to peer 0x120018000 (12 bytes)
1753729699.702647 sending message 112 to peer 0x120018000 (9 bytes)
1753729699.702651 sending message 112 to peer 0x120018000 (6 bytes)
1753729699.702655 sending message 112 to peer 0x120018000 (8 bytes)
1753729699.702660 sending message 112 to peer 0x120018000 (15 bytes)
1753729699.702664 sending message 112 to peer 0x120018000 (13 bytes)
1753729699.702668 sending message 112 to peer 0x120018000 (9 bytes)
1753729699.702672 sending message 112 to peer 0x120018000 (70 bytes)
1753729699.702677 sending message 112 to peer 0x120018000 (69 bytes)
1753729699.702680 sending message 112 to peer 0x120018000 (10 bytes)
1753729699.702685 sending message 112 to peer 0x120018000 (10 bytes)
1753729699.702690 sending message 112 to peer 0x120018000 (8 bytes)
1753729699.702694 sending message 112 to peer 0x120018000 (15 bytes)
1753729699.702698 sending message 112 to peer 0x120018000 (13 bytes)
1753729699.702702 sending message 112 to peer 0x120018000 (10 bytes)
1753729699.702706 sending message 112 to peer 0x120018000 (10 bytes)
1753729699.702710 sending message 112 to peer 0x120018000 (13 bytes)
1753729699.702713 sending message 112 to peer 0x120018000 (9 bytes)
1753729699.702717 sending message 112 to peer 0x120018000 (5 bytes)
1753729699.702721 sending message 112 to peer 0x120018000 (5 bytes)
1753729699.702726 sending message 104 to peer 0x120018000 (0 bytes)
1753729699.702730 sending message 110 to peer 0x120018000 (0 bytes)
1753729699.702734 sending message 107 to peer 0x120018000 (4 bytes)
1753729699.702738 sending message 105 to peer 0x120018000 (40 bytes)
1753729699.702742 sending message 105 to peer 0x120018000 (50 bytes)
1753729699.702746 sending message 105 to peer 0x120018000 (59 bytes)
1753729699.702750 sending message 105 to peer 0x120018000 (25 bytes)
1753729699.702754 sending message 105 to peer 0x120018000 (64 bytes)
1753729699.702758 sending message 105 to peer 0x120018000 (27 bytes)
1753729699.702762 sending message 105 to peer 0x120018000 (41 bytes)
1753729699.702766 sending message 105 to peer 0x120018000 (30 bytes)
1753729699.702770 sending message 105 to peer 0x120018000 (24 bytes)
1753729699.702774 sending message 105 to peer 0x120018000 (37 bytes)
1753729699.702778 sending message 105 to peer 0x120018000 (22 bytes)
1753729699.702782 sending message 105 to peer 0x120018000 (44 bytes)
1753729699.702785 sending message 105 to peer 0x120018000 (303 bytes)
1753729699.702790 sending message 105 to peer 0x120018000 (29 bytes)
1753729699.702794 sending message 105 to peer 0x120018000 (43 bytes)
1753729699.702797 sending message 105 to peer 0x120018000 (30 bytes)
1753729699.702803 sending message 105 to peer 0x120018000 (14 bytes)
1753729699.702807 sending message 105 to peer 0x120018000 (15 bytes)
1753729699.702811 sending message 105 to peer 0x120018000 (39 bytes)
1753729699.702815 sending message 105 to peer 0x120018000 (23 bytes)
1753729699.702819 sending message 105 to peer 0x120018000 (61 bytes)
1753729699.702832 sending message 105 to peer 0x120018000 (55 bytes)
1753729699.702836 sending message 105 to peer 0x120018000 (12 bytes)
1753729699.702840 sending message 105 to peer 0x120018000 (22 bytes)
1753729699.702844 sending message 105 to peer 0x120018000 (14 bytes)
1753729699.702847 sending message 105 to peer 0x120018000 (27 bytes)
1753729699.702851 sending message 105 to peer 0x120018000 (91 bytes)
1753729699.702855 sending message 105 to peer 0x120018000 (65 bytes)
1753729699.702859 sending message 105 to peer 0x120018000 (20 bytes)
1753729699.702863 sending message 105 to peer 0x120018000 (32 bytes)
1753729699.702867 sending message 105 to peer 0x120018000 (99 bytes)
1753729699.702870 sending message 105 to peer 0x120018000 (108 bytes)
1753729699.702874 sending message 105 to peer 0x120018000 (422 bytes)
1753729699.702878 sending message 105 to peer 0x120018000 (95 bytes)
1753729699.702882 sending message 105 to peer 0x120018000 (19 bytes)
1753729699.702886 sending message 105 to peer 0x120018000 (17 bytes)
1753729699.702890 sending message 105 to peer 0x120018000 (18 bytes)
1753729699.702893 sending message 105 to peer 0x120018000 (60 bytes)
1753729699.702897 sending message 105 to peer 0x120018000 (38 bytes)
1753729699.702901 sending message 105 to peer 0x120018000 (43 bytes)
1753729699.702905 sending message 105 to peer 0x120018000 (19 bytes)
1753729699.702908 sending message 105 to peer 0x120018000 (33 bytes)
1753729699.702912 sending message 105 to peer 0x120018000 (29 bytes)
1753729699.702916 sending message 105 to peer 0x120018000 (18 bytes)
1753729699.702920 sending message 105 to peer 0x120018000 (101 bytes)
1753729699.702923 sending message 105 to peer 0x120018000 (43 bytes)
1753729699.702927 sending message 105 to peer 0x120018000 (75 bytes)
1753729699.702931 sending message 105 to peer 0x120018000 (40 bytes)
1753729699.702935 sending message 105 to peer 0x120018000 (20 bytes)
1753729699.702938 sending message 105 to peer 0x120018000 (97 bytes)
1753729699.702942 sending message 105 to peer 0x120018000 (19 bytes)
1753729699.702946 sending message 105 to peer 0x120018000 (57 bytes)
1753729699.702949 sending message 105 to peer 0x120018000 (61 bytes)
1753729699.702953 sending message 105 to peer 0x120018000 (36 bytes)
1753729699.702957 sending message 105 to peer 0x120018000 (86 bytes)
1753729699.702961 sending message 105 to peer 0x120018000 (26 bytes)
1753729699.702965 sending message 105 to peer 0x120018000 (39 bytes)
1753729699.702968 sending message 105 to peer 0x120018000 (99 bytes)
1753729699.702972 sending message 105 to peer 0x120018000 (38 bytes)
1753729699.702976 sending message 105 to peer 0x120018000 (99 bytes)
1753729699.702980 sending message 105 to peer 0x120018000 (30 bytes)
1753729699.702984 sending message 105 to peer 0x120018000 (1130 bytes)
1753729699.702988 sending message 105 to peer 0x120018000 (44 bytes)
1753729699.702992 sending message 105 to peer 0x120018000 (54 bytes)
1753729699.702996 sending message 105 to peer 0x120018000 (41 bytes)
1753729699.702999 sending message 105 to peer 0x120018000 (15 bytes)
1753729699.703003 sending message 105 to peer 0x120018000 (95 bytes)
1753729699.703007 sending message 105 to peer 0x120018000 (52 bytes)
1753729699.703010 sending message 105 to peer 0x120018000 (32 bytes)
1753729699.703014 sending message 105 to peer 0x120018000 (85 bytes)
1753729699.703018 sending message 105 to peer 0x120018000 (107 bytes)
1753729699.703022 sending message 105 to peer 0x120018000 (45 bytes)
1753729699.703026 sending message 105 to peer 0x120018000 (54 bytes)
1753729699.703030 sending message 105 to peer 0x120018000 (14 bytes)
1753729699.703033 sending message 105 to peer 0x120018000 (39 bytes)
1753729699.703037 sending message 105 to peer 0x120018000 (21 bytes)
1753729699.703041 sending message 105 to peer 0x120018000 (33 bytes)
1753729699.703045 sending message 105 to peer 0x120018000 (71 bytes)
1753729699.703049 sending message 105 to peer 0x120018000 (115 bytes)
1753729699.703052 sending message 105 to peer 0x120018000 (38 bytes)
1753729699.703063 sending message 105 to peer 0x120018000 (19 bytes)
1753729699.703067 sending message 105 to peer 0x120018000 (32 bytes)
1753729699.703071 sending message 105 to peer 0x120018000 (52 bytes)
1753729699.703075 sending message 105 to peer 0x120018000 (63 bytes)
1753729699.703078 sending message 105 to peer 0x120018000 (93 bytes)
1753729699.703082 sending message 105 to peer 0x120018000 (99 bytes)
1753729699.703086 sending message 105 to peer 0x120018000 (24 bytes)
1753729699.703090 sending message 105 to peer 0x120018000 (29 bytes)
1753729699.703094 sending message 105 to peer 0x120018000 (59 bytes)
1753729699.703098 sending message 105 to peer 0x120018000 (19 bytes)
1753729699.703101 sending message 105 to peer 0x120018000 (15 bytes)
1753729699.703105 sending message 105 to peer 0x120018000 (27 bytes)
1753729699.703109 sending message 105 to peer 0x120018000 (58 bytes)
1753729699.703113 sending message 105 to peer 0x120018000 (21 bytes)
1753729699.703117 sending message 105 to peer 0x120018000 (46 bytes)
1753729699.703121 sending message 105 to peer 0x120018000 (93 bytes)
1753729699.703124 sending message 105 to peer 0x120018000 (23 bytes)
1753729699.703128 sending message 105 to peer 0x120018000 (29 bytes)
1753729699.703132 sending message 105 to peer 0x120018000 (91 bytes)
1753729699.703136 sending message 105 to peer 0x120018000 (97 bytes)
1753729699.703139 sending message 105 to peer 0x120018000 (29 bytes)
1753729699.703143 sending message 105 to peer 0x120018000 (37 bytes)
1753729699.703147 sending message 105 to peer 0x120018000 (22 bytes)
1753729699.703151 sending message 105 to peer 0x120018000 (8 bytes)
1753729699.703155 sending message 105 to peer 0x120018000 (53 bytes)
1753729699.703158 sending message 105 to peer 0x120018000 (95 bytes)
1753729699.703162 sending message 105 to peer 0x120018000 (37 bytes)
1753729699.703166 sending message 105 to peer 0x120018000 (24 bytes)
1753729699.703170 sending message 105 to peer 0x120018000 (34 bytes)
1753729699.703174 sending message 105 to peer 0x120018000 (113 bytes)
1753729699.703177 sending message 105 to peer 0x120018000 (97 bytes)
1753729699.703181 sending message 106 to peer 0x120018000 (0 bytes)
1753729699.703232 sending message 200 to peer 0x120018000 (4 bytes)
1753729699.703238 client loop enter
1753729699.704035 peer 0x120018000 message 303
1753729699.704059 open write file 2 -
1753729699.704081 sending message 305 to peer 0x120018000 (8 bytes)
1753729699.704105 write check file 2
1753729699.704136 peer 0x120018000 message 304
1753729699.704149 write 58 to file 2
1753729699.704156 peer 0x120018000 message 203
1753729699.704160 file 2 58 bytes left
1753729699.704176 write check file 2
1753729699.704184 client loop exit
